<?xml version="1.0" encoding="UTF-8"?>
<!-- Generated by org.testng.reporters.JUnitXMLReporter -->
<testsuite ignored="0" hostname="LAPTOP-V4UF6TT6" failures="0" tests="3" name="Test-ie" time="0.098" errors="0" timestamp="15 Aug 2020 11:26:23 GMT">
  <testcase classname="com.TestPackage.HomeTest" name="@BeforeTest beforeMethod" time="0.071">
    <failure type="java.lang.IllegalStateException" message="The driver executable does not exist: E:\java-selenium\policybazar rc\test\resources\Drivers\IEDriverServer.exe">
      <![CDATA[java.lang.IllegalStateException: The driver executable does not exist: E:\java-selenium\policybazar rc\test\resources\Drivers\IEDriverServer.exe
	at com.google.common.base.Preconditions.checkState(Preconditions.java:585)
	at org.openqa.selenium.remote.service.DriverService.checkExecutable(DriverService.java:137)
	at org.openqa.selenium.remote.service.DriverService.findExecutable(DriverService.java:132)
	at org.openqa.selenium.ie.InternetExplorerDriverService.access$000(InternetExplorerDriverService.java:35)
	at org.openqa.selenium.ie.InternetExplorerDriverService$Builder.findDefaultExecutable(InternetExplorerDriverService.java:188)
	at org.openqa.selenium.remote.service.DriverService$Builder.build(DriverService.java:346)
	at org.openqa.selenium.ie.InternetExplorerDriver.setupService(InternetExplorerDriver.java:281)
	at org.openqa.selenium.ie.InternetExplorerDriver.<init>(InternetExplorerDriver.java:211)
	at org.openqa.selenium.ie.InternetExplorerDriver.<init>(InternetExplorerDriver.java:150)
	at com.BasePackage.BrowserFactory.launchApplication(BrowserFactory.java:41)
	at com.TestPackage.HomeTest.beforeMethod(HomeTest.java:35)
	at java.base/java.util.concurrent.FutureTask.run(FutureTask.java:264)
	at java.base/java.util.concurrent.ThreadPoolExecutor.runWorker(ThreadPoolExecutor.java:1130)
	at java.base/java.util.concurrent.ThreadPoolExecutor$Worker.run(ThreadPoolExecutor.java:630)
	at java.base/java.lang.Thread.run(Thread.java:832)
... Removed 14 stack frames]]>
    </failure>
  </testcase> <!-- @BeforeTest beforeMethod -->
  <testcase classname="com.TestPackage.HomeTest" name="@AfterTest close" time="0.0">
    <skipped/>
  </testcase> <!-- @AfterTest close -->
  <testcase classname="com.TestPackage.HomeTest" name="Test1" time="0.0">
    <skipped/>
  </testcase> <!-- Test1 -->
  <testcase classname="com.TestPackage.HomeTest" name="Test2" time="0.0">
    <skipped/>
  </testcase> <!-- Test2 -->
  <testcase classname="com.TestPackage.HomeTest" name="Test3" time="0.0">
    <skipped/>
  </testcase> <!-- Test3 -->
</testsuite> <!-- Test-ie -->
