<?xml version="1.0" encoding="UTF-8"?>
<!-- Generated by org.testng.reporters.JUnitXMLReporter -->
<testsuite ignored="0" hostname="LAPTOP-V4UF6TT6" failures="0" tests="3" name="Test-firefox" time="65.768" errors="0" timestamp="25 Aug 2020 11:03:14 GMT">
  <testcase classname="com.TestPackage.HomeTest" name="Test1" time="4.306"/>
  <testcase classname="com.TestPackage.HomeTest" name="Test2" time="15.611"/>
  <testcase classname="com.TestPackage.HomeTest" name="Test3" time="12.976"/>
</testsuite> <!-- Test-firefox -->
