<?xml version="1.0" encoding="UTF-8"?>
<!-- Generated by org.testng.reporters.JUnitXMLReporter -->
<testsuite ignored="0" hostname="LAPTOP-V4UF6TT6" failures="0" tests="3" name="Test-chrome" time="43.844" errors="0" timestamp="25 Aug 2020 11:02:52 GMT">
  <testcase classname="com.TestPackage.HomeTest" name="Test1" time="3.157"/>
  <testcase classname="com.TestPackage.HomeTest" name="Test2" time="15.873"/>
  <testcase classname="com.TestPackage.HomeTest" name="Test3" time="13.177"/>
</testsuite> <!-- Test-chrome -->
